Listening on port 5000...
a
false
null
50
as
false
null
50
asp
false
null
45
ASPERCREME
false
null
3
"ASPERCREME"
ASPERCREME
true
null
ty
false
null
50
tyl
false
null
50
tyle
false
null
50
TYLENOL
false
null
50
"TYLENOL"
TYLENOL
true
null
g
false
null
50
gr
false
null
50
gra
false
null
50
grap
false
null
12
GRAPE
false
null
11
"GRAPE"
GRAPE
true
null
oxy
false
null
50
oxyg
false
null
10
OXYGEN 18 ENRICHED WATER
false
null
1
"OXYGEN 18 ENRICHED WATER"
OXYGEN 18 ENRICHED WATER
true
null
OXYGEN 18 ENRICHED WATEReek
false
null
0
/OXYGEN 18 ENRICHED WATEReek/i
false
null
0
O
false
null
50
o
false
null
50
ox
false
null
50
"OXYGEN 18 ENRICHED WATER"
OXYGEN 18 ENRICHED WATER
true
null
OX
false
null
50
OXYGEN
false
null
10
"OXYGEN"
OXYGEN
true
null
OXYGE
false
null
10
OXY
false
null
50
a
false
null
50
ad
false
null
50
adv
false
null
43
advi
false
null
19
n
false
null
50
ni
false
null
50
nic
false
null
50
nico
false
null
45
NICORETTE
false
null
4
"NICORETTE"
NICORETTE
true
null
NIC
false
null
50
NICo
false
null
45
NICot
false
null
35
NICOTINE
false
null
25
"NICOTINE"
NICOTINE
true
null
NICO
false
null
45
N
false
null
50
o
false
null
50
ox
false
null
50
oxy
false
null
50
oxyc
false
null
15
oxyco
false
null
14
oxycot
false
null
0
/oxycot/i
false
null
0
OXYCONTIN
false
null
1
"OXYCONTIN"
OXYCONTIN
true
null
OX
false
null
50
O
false
null
50
y
false
null
50
ye
false
null
31
yell
false
null
26
yello
false
null
26
yellow
false
null
26
yel
false
null
26
I
false
null
50
ir
false
null
50
iro
false
null
41
iron
false
null
39
IRON
false
null
39
"IRON"
IRON
true
null
IR
false
null
50
hy
false
null
50
hyd
false
null
50
hydo
false
null
1
hydr
false
null
50
hydro
false
null
50
h
false
null
50
p
false
null
50
per
false
null
50
pero
false
null
3
perox
false
null
1
pera
false
null
5
perao
false
null
0
/perao/i
false
null
0
pe
false
null
50
puro
false
null
0
/puro/i
false
null
1
pu
false
null
50
piro
false
null
3
pi
false
null
50
o
false
null
50
b
false
null
50
be
false
null
50
ben
false
null
50
bena
false
null
36
benad
false
null
27
BENADRYL
false
null
27
"BENADRYL"
BENADRYL
true
null
B
false
null
50
g
false
null
50
ga
false
null
50
gas
false
null
14
t
false
null
50
tu
false
null
50
tum
false
null
7
tums
false
null
7
TUMS
false
null
7
"TUMS"
TUMS
true
null
T
false
null
50
c
false
null
50
ca
false
null
50
cal
false
null
50
calc
false
null
50
calci
false
null
50
calciu
false
null
50
CALCIUM
false
null
50
"CALCIUM"
CALCIUM
true
null
C
false
null
50
m
false
null
50
my
false
null
50
myl
false
null
13
mylo
false
null
1
mag
false
null
50
magn
false
null
50
magni
false
null
0
/magni/i
false
null
0
magnis
false
null
0
/magnis/i
false
null
0
magne
false
null
50
magnes
false
null
50
MAGNESIUM
false
null
50
"MAGNESIUM"
MAGNESIUM
true
null
M
false
null
50
a
false
null
50
al
false
null
50
alg
false
null
8
algy
false
null
0
/algy/i
false
null
0
algie
false
null
0
/algie/i
false
null
0
algi
false
null
2
f
false
null
50
fu
false
null
50
fun
false
null
9
asp
false
null
45
as
false
null
50
a
false
null
50
ad
false
null
50
adv
false
null
43
advi
false
null
19
advil
false
null
18
ADVIL ALLERGY & CONGESTION RELIEF
false
null
2
"ADVIL ALLERGY & CONGESTION RELIEF"
ADVIL ALLERGY & CONGESTION RELIEF
true
null
ADVIL ALLERGY & CONGESTION 
false
null
2
A
false
null
50
vi
false
null
50
vit
false
null
50
v
false
null
50
a
false
null
50
ad
false
null
50
fl
false
null
50
flu
false
null
50
FLUARIX 2010-2011 FORMULA
false
null
2
lex
false
null
9
LEXAPRO
false
null
2
le
false
null
50
LEXAPRO (AS ESCITALOPRAM OXALATE)
false
null
0
/LEXAPRO (AS ESCITALOPRAM OXALATE)/i
false
null
0
x
false
null
50
pas
false
null
12
p
false
null
50
ya
false
null
4
YASMIN KIT
false
null
1
a
false
null
50
ab
false
null
45
y
false
null
50
yo
false
null
6
ee
false
null
5
e
false
null
50
ea
false
null
12
q
false
null
50
we
false
null
48
WE MIST II LA (GUAIFENESIN)
false
null
0
/WE MIST II LA (GUAIFENESIN)/i
false
null
0
"WE MIST II LA (GUAIFENESIN)"
WE MIST II LA (GUAIFENESIN)
true
null
WE MIST II LA (GUIFENESIN)
false
null
0
/WE MIST II LA (GUIFENESIN)/i
false
null
0
IFENESIN)
IFENESIN
false
null
0
/IFENESIN/i
false
null
50
I
false
null
50
p
false
null
50
po
false
null
50
pot
false
null
50
por
false
null
27
pork
false
null
10
PORK
false
null
10
"PORK"
PORK
true
null
PORKIT
false
null
0
/PORKIT/i
false
null
0
PORKI
false
null
0
/PORKI/i
false
null
0
POR
false
null
27
P
false
null
50
H
false
null
50
HY
false
null
50
HYD
false
null
50
HYDR
false
null
50
HYDRO
false
null
50
HYDROC
false
null
50
HYDROCH
false
null
15
HYDROCHL
false
null
15
HYDROCHLO
false
null
15
HYDROCHLOROTHIAZIDE
false
null
10
"HYDROCHLOROTHIAZIDE"
HYDROCHLOROTHIAZIDE
true
null
HYDROCHLOROTHIAZID
false
null
10
HYDROCHLOR
false
null
14
PO
false
null
50
ty
false
null
50
tyl
false
null
50
TYLENOL
false
null
50
"TYLENOL"
TYLENOL
true
null
ad
false
null
50
ADACEL (BORDETELLA PERTUSSIS FILAMENTOUS HEMAGGLUTININ VACCINE, INACTIVATED)
false
null
0
/ADACEL (BORDETELLA PERTUSSIS FILAMENTOUS HEMAGGLUTININ VACCINE, INACTIVATED)/i
false
null
0
"ADACEL (BORDETELLA PERTUSSIS FILAMENTOUS HEMAGGLUTININ VACCINE, INACTIVATED)"
ADACEL (BORDETELLA PERTUSSIS FILAMENTOUS HEMAGGLUTININ VACCINE, INACTIVATED)
true
null
w
false
null
50
pork
false
null
10
PORK
false
null
10
"PORK"
PORK
true
null
as
false
null
50
ASACOL HD
false
null
1
"ASACOL HD"
ASACOL HD
true
null
asd
false
null
0
/asd/i
false
null
4
asdf
false
null
0
/asdf/i
false
null
0
a
false
null
50
advil
false
null
18
ADVIL
false
null
18
"ADVIL"
ADVIL
true
null
choc
false
null
2
CHOCOLATE
false
null
2
"CHOCOLATE"
CHOCOLATE
true
null
ha
false
null
50
HABITROL
false
null
2
ab
false
null
45
"HABITROL"
HABITROL
true
null
a
false
null
50
A COMBO.TYPES I/III PROD.VINYL HEATSEALABLE ALUM.FOILS,HUNTLY,IL.FACIL
false
null
1
A COMBO.TYPES I/III PROD.VINYL HEATSEALABLE ALUM.FOILS,HUNTLY,IL.FACI
false
null
1
A
false
null
50
d
false
null
50
df
false
null
3
dw
false
null
1
dh
false
null
11
DHEA
false
null
1
"DHEA"
DHEA
true
null
DHEAcd
false
null
0
/DHEAcd/i
false
null
0
advil
false
null
18
"advil"
ADVIL
true
null
a
false
null
50
hai
false
null
0
/hai/i
false
null
33
air
false
null
8
airborn
false
null
0
/airborn/i
false
null
0
ai
false
null
12
airb
false
null
0
/airb/i
false
null
0
a
false
null
50
zir
false
null
5
z
false
null
50
air
false
null
8
airb
false
null
0
/airb/i
false
null
0
air-
false
null
0
/air-/i
false
null
0
air-b
false
null
0
/air-b/i
false
null
0
a
false
null
50
po
false
null
50
pot
false
null
50
potas
false
null
50
POTASSIUM
false
null
50
"POTASSIUM"
POTASSIUM
true
null
as
false
null
50
AS-131 ADHESIVE
false
null
1
"AS-131 ADHESIVE"
AS-131 ADHESIVE
true
null
pro
false
null
50
pork
false
null
10
"PORK"
PORK
true
null
PORK
false
"PORK"
PORK
true
null
null
10
l
false
null
50
ly
false
null
38
lyr
false
null
1
LYRICA
false
null
1
"LYRICA"
LYRICA
true
null
test
false
null
34
C
false
null
50
C1
false
null
14
C10
false
null
3
Lo
false
null
50
Lor
false
null
50
Lora
false
null
19
Lorat
false
null
10
Loratide
false
null
0
/Loratide/i
false
null
0
Loratid
false
null
2
LORATIDINE
false
null
2
"LORATIDINE"
LORATIDINE
true
null
L
false
null
50
C
false
null
50
Cla
false
null
50
Clar
false
null
34
Clari
false
null
32
Clarir
false
null
0
/Clarir/i
false
null
0
Clarit
false
null
17
Clariti
false
null
6
CLARITIN
false
null
6
"CLARITIN"
CLARITIN
true
null
CL
false
null
50
Lo
false
null
50
Lor
false
null
50
Lora
false
null
19
LORATADINE
false
null
8
"LORATADINE"
LORATADINE
true
null
